<?xml version="1.0" encoding="UTF-8"?>
<!-- Generated by org.testng.reporters.JUnitReportReporter -->
<testsuite hostname="Kranti-PC" name="com.qa.JSBase.JSBase" tests="1" failures="0" timestamp="14 Apr 2018 04:01:48 GMT" time="13.393" errors="0">
  <testcase name="testMethod" time="13.393" classname="com.qa.JSBase.JSBase"/>
</testsuite> <!-- com.qa.JSBase.JSBase -->
